<?xml version="1.0" encoding="UTF-8"?>
<testsuite xmlns:xsi="http://www.w3.org/2001/XMLSchema-instance" xsi:noNamespaceSchemaLocation="https://maven.apache.org/surefire/maven-surefire-plugin/xsd/surefire-test-report.xsd" version="3.0.2" name="com.payment.gateway.service.PaymentServiceTest" time="10.549" tests="4" errors="0" skipped="0" failures="0">
  <properties>
    <property name="java.specification.version" value="17"/>
    <property name="sun.jnu.encoding" value="UTF-8"/>
    <property name="java.class.path" value="/Users/draganilievski/Downloads/gateway/target/test-classes:/Users/draganilievski/Downloads/gateway/target/classes:/Users/draganilievski/.m2/repository/org/springframework/boot/spring-boot-starter-validation/3.4.0/spring-boot-starter-validation-3.4.0.jar:/Users/draganilievski/.m2/repository/org/springframework/boot/spring-boot-starter/3.4.0/spring-boot-starter-3.4.0.jar:/Users/draganilievski/.m2/repository/org/springframework/boot/spring-boot/3.4.0/spring-boot-3.4.0.jar:/Users/draganilievski/.m2/repository/org/springframework/boot/spring-boot-autoconfigure/3.4.0/spring-boot-autoconfigure-3.4.0.jar:/Users/draganilievski/.m2/repository/org/springframework/boot/spring-boot-starter-logging/3.4.0/spring-boot-starter-logging-3.4.0.jar:/Users/draganilievski/.m2/repository/ch/qos/logback/logback-classic/1.5.12/logback-classic-1.5.12.jar:/Users/draganilievski/.m2/repository/ch/qos/logback/logback-core/1.5.12/logback-core-1.5.12.jar:/Users/draganilievski/.m2/repository/org/apache/logging/log4j/log4j-to-slf4j/2.24.1/log4j-to-slf4j-2.24.1.jar:/Users/draganilievski/.m2/repository/org/apache/logging/log4j/log4j-api/2.24.1/log4j-api-2.24.1.jar:/Users/draganilievski/.m2/repository/org/slf4j/jul-to-slf4j/2.0.16/jul-to-slf4j-2.0.16.jar:/Users/draganilievski/.m2/repository/jakarta/annotation/jakarta.annotation-api/2.1.1/jakarta.annotation-api-2.1.1.jar:/Users/draganilievski/.m2/repository/org/yaml/snakeyaml/2.3/snakeyaml-2.3.jar:/Users/draganilievski/.m2/repository/org/apache/tomcat/embed/tomcat-embed-el/10.1.33/tomcat-embed-el-10.1.33.jar:/Users/draganilievski/.m2/repository/org/hibernate/validator/hibernate-validator/8.0.1.Final/hibernate-validator-8.0.1.Final.jar:/Users/draganilievski/.m2/repository/jakarta/validation/jakarta.validation-api/3.0.2/jakarta.validation-api-3.0.2.jar:/Users/draganilievski/.m2/repository/org/jboss/logging/jboss-logging/3.6.1.Final/jboss-logging-3.6.1.Final.jar:/Users/draganilievski/.m2/repository/com/fasterxml/classmate/1.7.0/classmate-1.7.0.jar:/Users/draganilievski/.m2/repository/org/springframework/boot/spring-boot-starter-web/3.4.0/spring-boot-starter-web-3.4.0.jar:/Users/draganilievski/.m2/repository/org/springframework/boot/spring-boot-starter-json/3.4.0/spring-boot-starter-json-3.4.0.jar:/Users/draganilievski/.m2/repository/com/fasterxml/jackson/core/jackson-databind/2.18.1/jackson-databind-2.18.1.jar:/Users/draganilievski/.m2/repository/com/fasterxml/jackson/core/jackson-annotations/2.18.1/jackson-annotations-2.18.1.jar:/Users/draganilievski/.m2/repository/com/fasterxml/jackson/core/jackson-core/2.18.1/jackson-core-2.18.1.jar:/Users/draganilievski/.m2/repository/com/fasterxml/jackson/datatype/jackson-datatype-jdk8/2.18.1/jackson-datatype-jdk8-2.18.1.jar:/Users/draganilievski/.m2/repository/com/fasterxml/jackson/datatype/jackson-datatype-jsr310/2.18.1/jackson-datatype-jsr310-2.18.1.jar:/Users/draganilievski/.m2/repository/com/fasterxml/jackson/module/jackson-module-parameter-names/2.18.1/jackson-module-parameter-names-2.18.1.jar:/Users/draganilievski/.m2/repository/org/springframework/boot/spring-boot-starter-tomcat/3.4.0/spring-boot-starter-tomcat-3.4.0.jar:/Users/draganilievski/.m2/repository/org/apache/tomcat/embed/tomcat-embed-core/10.1.33/tomcat-embed-core-10.1.33.jar:/Users/draganilievski/.m2/repository/org/apache/tomcat/embed/tomcat-embed-websocket/10.1.33/tomcat-embed-websocket-10.1.33.jar:/Users/draganilievski/.m2/repository/org/springframework/spring-web/6.2.0/spring-web-6.2.0.jar:/Users/draganilievski/.m2/repository/org/springframework/spring-beans/6.2.0/spring-beans-6.2.0.jar:/Users/draganilievski/.m2/repository/io/micrometer/micrometer-observation/1.14.1/micrometer-observation-1.14.1.jar:/Users/draganilievski/.m2/repository/io/micrometer/micrometer-commons/1.14.1/micrometer-commons-1.14.1.jar:/Users/draganilievski/.m2/repository/org/springframework/spring-webmvc/6.2.0/spring-webmvc-6.2.0.jar:/Users/draganilievski/.m2/repository/org/springframework/spring-aop/6.2.0/spring-aop-6.2.0.jar:/Users/draganilievski/.m2/repository/org/springframework/spring-context/6.2.0/spring-context-6.2.0.jar:/Users/draganilievski/.m2/repository/org/springframework/spring-expression/6.2.0/spring-expression-6.2.0.jar:/Users/draganilievski/.m2/repository/org/springframework/boot/spring-boot-starter-webflux/3.4.0/spring-boot-starter-webflux-3.4.0.jar:/Users/draganilievski/.m2/repository/org/springframework/boot/spring-boot-starter-reactor-netty/3.4.0/spring-boot-starter-reactor-netty-3.4.0.jar:/Users/draganilievski/.m2/repository/io/projectreactor/netty/reactor-netty-http/1.2.0/reactor-netty-http-1.2.0.jar:/Users/draganilievski/.m2/repository/io/netty/netty-codec-http/4.1.115.Final/netty-codec-http-4.1.115.Final.jar:/Users/draganilievski/.m2/repository/io/netty/netty-common/4.1.115.Final/netty-common-4.1.115.Final.jar:/Users/draganilievski/.m2/repository/io/netty/netty-buffer/4.1.115.Final/netty-buffer-4.1.115.Final.jar:/Users/draganilievski/.m2/repository/io/netty/netty-transport/4.1.115.Final/netty-transport-4.1.115.Final.jar:/Users/draganilievski/.m2/repository/io/netty/netty-codec/4.1.115.Final/netty-codec-4.1.115.Final.jar:/Users/draganilievski/.m2/repository/io/netty/netty-handler/4.1.115.Final/netty-handler-4.1.115.Final.jar:/Users/draganilievski/.m2/repository/io/netty/netty-codec-http2/4.1.115.Final/netty-codec-http2-4.1.115.Final.jar:/Users/draganilievski/.m2/repository/io/netty/netty-resolver-dns/4.1.115.Final/netty-resolver-dns-4.1.115.Final.jar:/Users/draganilievski/.m2/repository/io/netty/netty-resolver/4.1.115.Final/netty-resolver-4.1.115.Final.jar:/Users/draganilievski/.m2/repository/io/netty/netty-codec-dns/4.1.115.Final/netty-codec-dns-4.1.115.Final.jar:/Users/draganilievski/.m2/repository/io/netty/netty-resolver-dns-native-macos/4.1.115.Final/netty-resolver-dns-native-macos-4.1.115.Final-osx-x86_64.jar:/Users/draganilievski/.m2/repository/io/netty/netty-resolver-dns-classes-macos/4.1.115.Final/netty-resolver-dns-classes-macos-4.1.115.Final.jar:/Users/draganilievski/.m2/repository/io/netty/netty-transport-native-epoll/4.1.115.Final/netty-transport-native-epoll-4.1.115.Final-linux-x86_64.jar:/Users/draganilievski/.m2/repository/io/netty/netty-transport-native-unix-common/4.1.115.Final/netty-transport-native-unix-common-4.1.115.Final.jar:/Users/draganilievski/.m2/repository/io/netty/netty-transport-classes-epoll/4.1.115.Final/netty-transport-classes-epoll-4.1.115.Final.jar:/Users/draganilievski/.m2/repository/io/projectreactor/netty/reactor-netty-core/1.2.0/reactor-netty-core-1.2.0.jar:/Users/draganilievski/.m2/repository/io/netty/netty-handler-proxy/4.1.115.Final/netty-handler-proxy-4.1.115.Final.jar:/Users/draganilievski/.m2/repository/io/netty/netty-codec-socks/4.1.115.Final/netty-codec-socks-4.1.115.Final.jar:/Users/draganilievski/.m2/repository/org/springframework/spring-webflux/6.2.0/spring-webflux-6.2.0.jar:/Users/draganilievski/.m2/repository/org/projectlombok/lombok/1.18.36/lombok-1.18.36.jar:/Users/draganilievski/.m2/repository/org/springframework/boot/spring-boot-starter-test/3.4.0/spring-boot-starter-test-3.4.0.jar:/Users/draganilievski/.m2/repository/org/springframework/boot/spring-boot-test/3.4.0/spring-boot-test-3.4.0.jar:/Users/draganilievski/.m2/repository/org/springframework/boot/spring-boot-test-autoconfigure/3.4.0/spring-boot-test-autoconfigure-3.4.0.jar:/Users/draganilievski/.m2/repository/com/jayway/jsonpath/json-path/2.9.0/json-path-2.9.0.jar:/Users/draganilievski/.m2/repository/org/slf4j/slf4j-api/2.0.16/slf4j-api-2.0.16.jar:/Users/draganilievski/.m2/repository/jakarta/xml/bind/jakarta.xml.bind-api/4.0.2/jakarta.xml.bind-api-4.0.2.jar:/Users/draganilievski/.m2/repository/jakarta/activation/jakarta.activation-api/2.1.3/jakarta.activation-api-2.1.3.jar:/Users/draganilievski/.m2/repository/net/minidev/json-smart/2.5.1/json-smart-2.5.1.jar:/Users/draganilievski/.m2/repository/net/minidev/accessors-smart/2.5.1/accessors-smart-2.5.1.jar:/Users/draganilievski/.m2/repository/org/ow2/asm/asm/9.6/asm-9.6.jar:/Users/draganilievski/.m2/repository/org/assertj/assertj-core/3.26.3/assertj-core-3.26.3.jar:/Users/draganilievski/.m2/repository/net/bytebuddy/byte-buddy/1.15.10/byte-buddy-1.15.10.jar:/Users/draganilievski/.m2/repository/org/awaitility/awaitility/4.2.2/awaitility-4.2.2.jar:/Users/draganilievski/.m2/repository/org/hamcrest/hamcrest/2.2/hamcrest-2.2.jar:/Users/draganilievski/.m2/repository/org/junit/jupiter/junit-jupiter/5.11.3/junit-jupiter-5.11.3.jar:/Users/draganilievski/.m2/repository/org/junit/jupiter/junit-jupiter-api/5.11.3/junit-jupiter-api-5.11.3.jar:/Users/draganilievski/.m2/repository/org/opentest4j/opentest4j/1.3.0/opentest4j-1.3.0.jar:/Users/draganilievski/.m2/repository/org/junit/platform/junit-platform-commons/1.11.3/junit-platform-commons-1.11.3.jar:/Users/draganilievski/.m2/repository/org/apiguardian/apiguardian-api/1.1.2/apiguardian-api-1.1.2.jar:/Users/draganilievski/.m2/repository/org/junit/jupiter/junit-jupiter-params/5.11.3/junit-jupiter-params-5.11.3.jar:/Users/draganilievski/.m2/repository/org/junit/jupiter/junit-jupiter-engine/5.11.3/junit-jupiter-engine-5.11.3.jar:/Users/draganilievski/.m2/repository/org/junit/platform/junit-platform-engine/1.11.3/junit-platform-engine-1.11.3.jar:/Users/draganilievski/.m2/repository/org/mockito/mockito-core/5.14.2/mockito-core-5.14.2.jar:/Users/draganilievski/.m2/repository/net/bytebuddy/byte-buddy-agent/1.15.10/byte-buddy-agent-1.15.10.jar:/Users/draganilievski/.m2/repository/org/objenesis/objenesis/3.3/objenesis-3.3.jar:/Users/draganilievski/.m2/repository/org/mockito/mockito-junit-jupiter/5.14.2/mockito-junit-jupiter-5.14.2.jar:/Users/draganilievski/.m2/repository/org/skyscreamer/jsonassert/1.5.3/jsonassert-1.5.3.jar:/Users/draganilievski/.m2/repository/com/vaadin/external/google/android-json/0.0.20131108.vaadin1/android-json-0.0.20131108.vaadin1.jar:/Users/draganilievski/.m2/repository/org/springframework/spring-core/6.2.0/spring-core-6.2.0.jar:/Users/draganilievski/.m2/repository/org/springframework/spring-jcl/6.2.0/spring-jcl-6.2.0.jar:/Users/draganilievski/.m2/repository/org/springframework/spring-test/6.2.0/spring-test-6.2.0.jar:/Users/draganilievski/.m2/repository/org/xmlunit/xmlunit-core/2.10.0/xmlunit-core-2.10.0.jar:/Users/draganilievski/.m2/repository/io/projectreactor/reactor-test/3.7.0/reactor-test-3.7.0.jar:/Users/draganilievski/.m2/repository/io/projectreactor/reactor-core/3.7.0/reactor-core-3.7.0.jar:/Users/draganilievski/.m2/repository/org/reactivestreams/reactive-streams/1.0.4/reactive-streams-1.0.4.jar:/Users/draganilievski/.m2/repository/org/springdoc/springdoc-openapi-starter-webmvc-ui/2.1.0/springdoc-openapi-starter-webmvc-ui-2.1.0.jar:/Users/draganilievski/.m2/repository/org/springdoc/springdoc-openapi-starter-webmvc-api/2.1.0/springdoc-openapi-starter-webmvc-api-2.1.0.jar:/Users/draganilievski/.m2/repository/org/springdoc/springdoc-openapi-starter-common/2.1.0/springdoc-openapi-starter-common-2.1.0.jar:/Users/draganilievski/.m2/repository/io/swagger/core/v3/swagger-core-jakarta/2.2.9/swagger-core-jakarta-2.2.9.jar:/Users/draganilievski/.m2/repository/org/apache/commons/commons-lang3/3.17.0/commons-lang3-3.17.0.jar:/Users/draganilievski/.m2/repository/io/swagger/core/v3/swagger-annotations-jakarta/2.2.9/swagger-annotations-jakarta-2.2.9.jar:/Users/draganilievski/.m2/repository/io/swagger/core/v3/swagger-models-jakarta/2.2.9/swagger-models-jakarta-2.2.9.jar:/Users/draganilievski/.m2/repository/com/fasterxml/jackson/dataformat/jackson-dataformat-yaml/2.18.1/jackson-dataformat-yaml-2.18.1.jar:/Users/draganilievski/.m2/repository/org/webjars/swagger-ui/4.18.2/swagger-ui-4.18.2.jar:"/>
    <property name="java.vm.vendor" value="Amazon.com Inc."/>
    <property name="sun.arch.data.model" value="64"/>
    <property name="java.vendor.url" value="https://aws.amazon.com/corretto/"/>
    <property name="user.timezone" value="Europe/Skopje"/>
    <property name="org.jboss.logging.provider" value="slf4j"/>
    <property name="os.name" value="Mac OS X"/>
    <property name="java.vm.specification.version" value="17"/>
    <property name="APPLICATION_NAME" value="gateway"/>
    <property name="sun.java.launcher" value="SUN_STANDARD"/>
    <property name="user.country" value="US"/>
    <property name="sun.boot.library.path" value="/Users/draganilievski/.sdkman/candidates/java/17.0.12-amzn/lib"/>
    <property name="sun.java.command" value="/Users/draganilievski/Downloads/gateway/target/surefire/surefirebooter-20241126182140956_3.jar /Users/draganilievski/Downloads/gateway/target/surefire 2024-11-26T18-21-40_917-jvmRun1 surefire-20241126182140956_1tmp surefire_0-20241126182140956_2tmp"/>
    <property name="http.nonProxyHosts" value="local|*.local|169.254/16|*.169.254/16"/>
    <property name="jdk.debug" value="release"/>
    <property name="surefire.test.class.path" value="/Users/draganilievski/Downloads/gateway/target/test-classes:/Users/draganilievski/Downloads/gateway/target/classes:/Users/draganilievski/.m2/repository/org/springframework/boot/spring-boot-starter-validation/3.4.0/spring-boot-starter-validation-3.4.0.jar:/Users/draganilievski/.m2/repository/org/springframework/boot/spring-boot-starter/3.4.0/spring-boot-starter-3.4.0.jar:/Users/draganilievski/.m2/repository/org/springframework/boot/spring-boot/3.4.0/spring-boot-3.4.0.jar:/Users/draganilievski/.m2/repository/org/springframework/boot/spring-boot-autoconfigure/3.4.0/spring-boot-autoconfigure-3.4.0.jar:/Users/draganilievski/.m2/repository/org/springframework/boot/spring-boot-starter-logging/3.4.0/spring-boot-starter-logging-3.4.0.jar:/Users/draganilievski/.m2/repository/ch/qos/logback/logback-classic/1.5.12/logback-classic-1.5.12.jar:/Users/draganilievski/.m2/repository/ch/qos/logback/logback-core/1.5.12/logback-core-1.5.12.jar:/Users/draganilievski/.m2/repository/org/apache/logging/log4j/log4j-to-slf4j/2.24.1/log4j-to-slf4j-2.24.1.jar:/Users/draganilievski/.m2/repository/org/apache/logging/log4j/log4j-api/2.24.1/log4j-api-2.24.1.jar:/Users/draganilievski/.m2/repository/org/slf4j/jul-to-slf4j/2.0.16/jul-to-slf4j-2.0.16.jar:/Users/draganilievski/.m2/repository/jakarta/annotation/jakarta.annotation-api/2.1.1/jakarta.annotation-api-2.1.1.jar:/Users/draganilievski/.m2/repository/org/yaml/snakeyaml/2.3/snakeyaml-2.3.jar:/Users/draganilievski/.m2/repository/org/apache/tomcat/embed/tomcat-embed-el/10.1.33/tomcat-embed-el-10.1.33.jar:/Users/draganilievski/.m2/repository/org/hibernate/validator/hibernate-validator/8.0.1.Final/hibernate-validator-8.0.1.Final.jar:/Users/draganilievski/.m2/repository/jakarta/validation/jakarta.validation-api/3.0.2/jakarta.validation-api-3.0.2.jar:/Users/draganilievski/.m2/repository/org/jboss/logging/jboss-logging/3.6.1.Final/jboss-logging-3.6.1.Final.jar:/Users/draganilievski/.m2/repository/com/fasterxml/classmate/1.7.0/classmate-1.7.0.jar:/Users/draganilievski/.m2/repository/org/springframework/boot/spring-boot-starter-web/3.4.0/spring-boot-starter-web-3.4.0.jar:/Users/draganilievski/.m2/repository/org/springframework/boot/spring-boot-starter-json/3.4.0/spring-boot-starter-json-3.4.0.jar:/Users/draganilievski/.m2/repository/com/fasterxml/jackson/core/jackson-databind/2.18.1/jackson-databind-2.18.1.jar:/Users/draganilievski/.m2/repository/com/fasterxml/jackson/core/jackson-annotations/2.18.1/jackson-annotations-2.18.1.jar:/Users/draganilievski/.m2/repository/com/fasterxml/jackson/core/jackson-core/2.18.1/jackson-core-2.18.1.jar:/Users/draganilievski/.m2/repository/com/fasterxml/jackson/datatype/jackson-datatype-jdk8/2.18.1/jackson-datatype-jdk8-2.18.1.jar:/Users/draganilievski/.m2/repository/com/fasterxml/jackson/datatype/jackson-datatype-jsr310/2.18.1/jackson-datatype-jsr310-2.18.1.jar:/Users/draganilievski/.m2/repository/com/fasterxml/jackson/module/jackson-module-parameter-names/2.18.1/jackson-module-parameter-names-2.18.1.jar:/Users/draganilievski/.m2/repository/org/springframework/boot/spring-boot-starter-tomcat/3.4.0/spring-boot-starter-tomcat-3.4.0.jar:/Users/draganilievski/.m2/repository/org/apache/tomcat/embed/tomcat-embed-core/10.1.33/tomcat-embed-core-10.1.33.jar:/Users/draganilievski/.m2/repository/org/apache/tomcat/embed/tomcat-embed-websocket/10.1.33/tomcat-embed-websocket-10.1.33.jar:/Users/draganilievski/.m2/repository/org/springframework/spring-web/6.2.0/spring-web-6.2.0.jar:/Users/draganilievski/.m2/repository/org/springframework/spring-beans/6.2.0/spring-beans-6.2.0.jar:/Users/draganilievski/.m2/repository/io/micrometer/micrometer-observation/1.14.1/micrometer-observation-1.14.1.jar:/Users/draganilievski/.m2/repository/io/micrometer/micrometer-commons/1.14.1/micrometer-commons-1.14.1.jar:/Users/draganilievski/.m2/repository/org/springframework/spring-webmvc/6.2.0/spring-webmvc-6.2.0.jar:/Users/draganilievski/.m2/repository/org/springframework/spring-aop/6.2.0/spring-aop-6.2.0.jar:/Users/draganilievski/.m2/repository/org/springframework/spring-context/6.2.0/spring-context-6.2.0.jar:/Users/draganilievski/.m2/repository/org/springframework/spring-expression/6.2.0/spring-expression-6.2.0.jar:/Users/draganilievski/.m2/repository/org/springframework/boot/spring-boot-starter-webflux/3.4.0/spring-boot-starter-webflux-3.4.0.jar:/Users/draganilievski/.m2/repository/org/springframework/boot/spring-boot-starter-reactor-netty/3.4.0/spring-boot-starter-reactor-netty-3.4.0.jar:/Users/draganilievski/.m2/repository/io/projectreactor/netty/reactor-netty-http/1.2.0/reactor-netty-http-1.2.0.jar:/Users/draganilievski/.m2/repository/io/netty/netty-codec-http/4.1.115.Final/netty-codec-http-4.1.115.Final.jar:/Users/draganilievski/.m2/repository/io/netty/netty-common/4.1.115.Final/netty-common-4.1.115.Final.jar:/Users/draganilievski/.m2/repository/io/netty/netty-buffer/4.1.115.Final/netty-buffer-4.1.115.Final.jar:/Users/draganilievski/.m2/repository/io/netty/netty-transport/4.1.115.Final/netty-transport-4.1.115.Final.jar:/Users/draganilievski/.m2/repository/io/netty/netty-codec/4.1.115.Final/netty-codec-4.1.115.Final.jar:/Users/draganilievski/.m2/repository/io/netty/netty-handler/4.1.115.Final/netty-handler-4.1.115.Final.jar:/Users/draganilievski/.m2/repository/io/netty/netty-codec-http2/4.1.115.Final/netty-codec-http2-4.1.115.Final.jar:/Users/draganilievski/.m2/repository/io/netty/netty-resolver-dns/4.1.115.Final/netty-resolver-dns-4.1.115.Final.jar:/Users/draganilievski/.m2/repository/io/netty/netty-resolver/4.1.115.Final/netty-resolver-4.1.115.Final.jar:/Users/draganilievski/.m2/repository/io/netty/netty-codec-dns/4.1.115.Final/netty-codec-dns-4.1.115.Final.jar:/Users/draganilievski/.m2/repository/io/netty/netty-resolver-dns-native-macos/4.1.115.Final/netty-resolver-dns-native-macos-4.1.115.Final-osx-x86_64.jar:/Users/draganilievski/.m2/repository/io/netty/netty-resolver-dns-classes-macos/4.1.115.Final/netty-resolver-dns-classes-macos-4.1.115.Final.jar:/Users/draganilievski/.m2/repository/io/netty/netty-transport-native-epoll/4.1.115.Final/netty-transport-native-epoll-4.1.115.Final-linux-x86_64.jar:/Users/draganilievski/.m2/repository/io/netty/netty-transport-native-unix-common/4.1.115.Final/netty-transport-native-unix-common-4.1.115.Final.jar:/Users/draganilievski/.m2/repository/io/netty/netty-transport-classes-epoll/4.1.115.Final/netty-transport-classes-epoll-4.1.115.Final.jar:/Users/draganilievski/.m2/repository/io/projectreactor/netty/reactor-netty-core/1.2.0/reactor-netty-core-1.2.0.jar:/Users/draganilievski/.m2/repository/io/netty/netty-handler-proxy/4.1.115.Final/netty-handler-proxy-4.1.115.Final.jar:/Users/draganilievski/.m2/repository/io/netty/netty-codec-socks/4.1.115.Final/netty-codec-socks-4.1.115.Final.jar:/Users/draganilievski/.m2/repository/org/springframework/spring-webflux/6.2.0/spring-webflux-6.2.0.jar:/Users/draganilievski/.m2/repository/org/projectlombok/lombok/1.18.36/lombok-1.18.36.jar:/Users/draganilievski/.m2/repository/org/springframework/boot/spring-boot-starter-test/3.4.0/spring-boot-starter-test-3.4.0.jar:/Users/draganilievski/.m2/repository/org/springframework/boot/spring-boot-test/3.4.0/spring-boot-test-3.4.0.jar:/Users/draganilievski/.m2/repository/org/springframework/boot/spring-boot-test-autoconfigure/3.4.0/spring-boot-test-autoconfigure-3.4.0.jar:/Users/draganilievski/.m2/repository/com/jayway/jsonpath/json-path/2.9.0/json-path-2.9.0.jar:/Users/draganilievski/.m2/repository/org/slf4j/slf4j-api/2.0.16/slf4j-api-2.0.16.jar:/Users/draganilievski/.m2/repository/jakarta/xml/bind/jakarta.xml.bind-api/4.0.2/jakarta.xml.bind-api-4.0.2.jar:/Users/draganilievski/.m2/repository/jakarta/activation/jakarta.activation-api/2.1.3/jakarta.activation-api-2.1.3.jar:/Users/draganilievski/.m2/repository/net/minidev/json-smart/2.5.1/json-smart-2.5.1.jar:/Users/draganilievski/.m2/repository/net/minidev/accessors-smart/2.5.1/accessors-smart-2.5.1.jar:/Users/draganilievski/.m2/repository/org/ow2/asm/asm/9.6/asm-9.6.jar:/Users/draganilievski/.m2/repository/org/assertj/assertj-core/3.26.3/assertj-core-3.26.3.jar:/Users/draganilievski/.m2/repository/net/bytebuddy/byte-buddy/1.15.10/byte-buddy-1.15.10.jar:/Users/draganilievski/.m2/repository/org/awaitility/awaitility/4.2.2/awaitility-4.2.2.jar:/Users/draganilievski/.m2/repository/org/hamcrest/hamcrest/2.2/hamcrest-2.2.jar:/Users/draganilievski/.m2/repository/org/junit/jupiter/junit-jupiter/5.11.3/junit-jupiter-5.11.3.jar:/Users/draganilievski/.m2/repository/org/junit/jupiter/junit-jupiter-api/5.11.3/junit-jupiter-api-5.11.3.jar:/Users/draganilievski/.m2/repository/org/opentest4j/opentest4j/1.3.0/opentest4j-1.3.0.jar:/Users/draganilievski/.m2/repository/org/junit/platform/junit-platform-commons/1.11.3/junit-platform-commons-1.11.3.jar:/Users/draganilievski/.m2/repository/org/apiguardian/apiguardian-api/1.1.2/apiguardian-api-1.1.2.jar:/Users/draganilievski/.m2/repository/org/junit/jupiter/junit-jupiter-params/5.11.3/junit-jupiter-params-5.11.3.jar:/Users/draganilievski/.m2/repository/org/junit/jupiter/junit-jupiter-engine/5.11.3/junit-jupiter-engine-5.11.3.jar:/Users/draganilievski/.m2/repository/org/junit/platform/junit-platform-engine/1.11.3/junit-platform-engine-1.11.3.jar:/Users/draganilievski/.m2/repository/org/mockito/mockito-core/5.14.2/mockito-core-5.14.2.jar:/Users/draganilievski/.m2/repository/net/bytebuddy/byte-buddy-agent/1.15.10/byte-buddy-agent-1.15.10.jar:/Users/draganilievski/.m2/repository/org/objenesis/objenesis/3.3/objenesis-3.3.jar:/Users/draganilievski/.m2/repository/org/mockito/mockito-junit-jupiter/5.14.2/mockito-junit-jupiter-5.14.2.jar:/Users/draganilievski/.m2/repository/org/skyscreamer/jsonassert/1.5.3/jsonassert-1.5.3.jar:/Users/draganilievski/.m2/repository/com/vaadin/external/google/android-json/0.0.20131108.vaadin1/android-json-0.0.20131108.vaadin1.jar:/Users/draganilievski/.m2/repository/org/springframework/spring-core/6.2.0/spring-core-6.2.0.jar:/Users/draganilievski/.m2/repository/org/springframework/spring-jcl/6.2.0/spring-jcl-6.2.0.jar:/Users/draganilievski/.m2/repository/org/springframework/spring-test/6.2.0/spring-test-6.2.0.jar:/Users/draganilievski/.m2/repository/org/xmlunit/xmlunit-core/2.10.0/xmlunit-core-2.10.0.jar:/Users/draganilievski/.m2/repository/io/projectreactor/reactor-test/3.7.0/reactor-test-3.7.0.jar:/Users/draganilievski/.m2/repository/io/projectreactor/reactor-core/3.7.0/reactor-core-3.7.0.jar:/Users/draganilievski/.m2/repository/org/reactivestreams/reactive-streams/1.0.4/reactive-streams-1.0.4.jar:/Users/draganilievski/.m2/repository/org/springdoc/springdoc-openapi-starter-webmvc-ui/2.1.0/springdoc-openapi-starter-webmvc-ui-2.1.0.jar:/Users/draganilievski/.m2/repository/org/springdoc/springdoc-openapi-starter-webmvc-api/2.1.0/springdoc-openapi-starter-webmvc-api-2.1.0.jar:/Users/draganilievski/.m2/repository/org/springdoc/springdoc-openapi-starter-common/2.1.0/springdoc-openapi-starter-common-2.1.0.jar:/Users/draganilievski/.m2/repository/io/swagger/core/v3/swagger-core-jakarta/2.2.9/swagger-core-jakarta-2.2.9.jar:/Users/draganilievski/.m2/repository/org/apache/commons/commons-lang3/3.17.0/commons-lang3-3.17.0.jar:/Users/draganilievski/.m2/repository/io/swagger/core/v3/swagger-annotations-jakarta/2.2.9/swagger-annotations-jakarta-2.2.9.jar:/Users/draganilievski/.m2/repository/io/swagger/core/v3/swagger-models-jakarta/2.2.9/swagger-models-jakarta-2.2.9.jar:/Users/draganilievski/.m2/repository/com/fasterxml/jackson/dataformat/jackson-dataformat-yaml/2.18.1/jackson-dataformat-yaml-2.18.1.jar:/Users/draganilievski/.m2/repository/org/webjars/swagger-ui/4.18.2/swagger-ui-4.18.2.jar:"/>
    <property name="sun.cpu.endian" value="little"/>
    <property name="user.home" value="/Users/draganilievski"/>
    <property name="user.language" value="en"/>
    <property name="java.specification.vendor" value="Oracle Corporation"/>
    <property name="java.version.date" value="2024-07-16"/>
    <property name="java.home" value="/Users/draganilievski/.sdkman/candidates/java/17.0.12-amzn"/>
    <property name="file.separator" value="/"/>
    <property name="basedir" value="/Users/draganilievski/Downloads/gateway"/>
    <property name="java.vm.compressedOopsMode" value="Zero based"/>
    <property name="line.separator" value="&#10;"/>
    <property name="java.vm.specification.vendor" value="Oracle Corporation"/>
    <property name="java.specification.name" value="Java Platform API Specification"/>
    <property name="FILE_LOG_CHARSET" value="UTF-8"/>
    <property name="java.awt.headless" value="true"/>
    <property name="surefire.real.class.path" value="/Users/draganilievski/Downloads/gateway/target/surefire/surefirebooter-20241126182140956_3.jar"/>
    <property name="sun.management.compiler" value="HotSpot 64-Bit Tiered Compilers"/>
    <property name="ftp.nonProxyHosts" value="local|*.local|169.254/16|*.169.254/16"/>
    <property name="java.runtime.version" value="17.0.12+7-LTS"/>
    <property name="user.name" value="draganilievski"/>
    <property name="path.separator" value=":"/>
    <property name="os.version" value="15.1.1"/>
    <property name="java.runtime.name" value="OpenJDK Runtime Environment"/>
    <property name="file.encoding" value="UTF-8"/>
    <property name="java.vm.name" value="OpenJDK 64-Bit Server VM"/>
    <property name="java.vendor.version" value="Corretto-17.0.12.7.1"/>
    <property name="localRepository" value="/Users/draganilievski/.m2/repository"/>
    <property name="java.vendor.url.bug" value="https://github.com/corretto/corretto-17/issues/"/>
    <property name="java.io.tmpdir" value="/var/folders/yp/4x7kgs_57d15y2w2k_j4fxm80000gn/T/"/>
    <property name="idea.version" value="2024.2.2"/>
    <property name="java.version" value="17.0.12"/>
    <property name="user.dir" value="/Users/draganilievski/Downloads/gateway"/>
    <property name="os.arch" value="aarch64"/>
    <property name="java.vm.specification.name" value="Java Virtual Machine Specification"/>
    <property name="PID" value="20528"/>
    <property name="CONSOLE_LOG_CHARSET" value="UTF-8"/>
    <property name="native.encoding" value="UTF-8"/>
    <property name="java.library.path" value="/Users/draganilievski/Library/Java/Extensions:/Library/Java/Extensions:/Network/Library/Java/Extensions:/System/Library/Java/Extensions:/usr/lib/java:."/>
    <property name="java.vm.info" value="mixed mode, sharing"/>
    <property name="java.vendor" value="Amazon.com Inc."/>
    <property name="java.vm.version" value="17.0.12+7-LTS"/>
    <property name="sun.io.unicode.encoding" value="UnicodeBig"/>
    <property name="socksNonProxyHosts" value="local|*.local|169.254/16|*.169.254/16"/>
    <property name="java.class.version" value="61.0"/>
    <property name="LOGGED_APPLICATION_NAME" value="[gateway] "/>
  </properties>
  <testcase name="processPayment_AcquirerTimeout_ShouldExpectTimeout" classname="com.payment.gateway.service.PaymentServiceTest" time="5.018"/>
  <testcase name="processPayment_InvalidCard_ShouldReturnError" classname="com.payment.gateway.service.PaymentServiceTest" time="0.011"/>
  <testcase name="processPayment_AcquirerTimeout_ShouldReturnDeniedResponse" classname="com.payment.gateway.service.PaymentServiceTest" time="5.008"/>
  <testcase name="processPayment_ValidRequest_ShouldReturnApprovedResponse" classname="com.payment.gateway.service.PaymentServiceTest" time="0.507"/>
</testsuite>